# JRE version: Java(TM) SE Runtime Environment (8.0_231-b11) (build 1.8.0_231-b11)
# Java VM: Java HotSpot(TM) 64-Bit Server VM (25.231-b11 mixed mode windows-amd64 compressed oops)
Heap:
 PSYoungGen      total 305664K, used 110324K [0x00000000eab00000, 0x0000000100000000, 0x0000000100000000)
  eden space 262144K, 42% used [0x00000000eab00000,0x00000000f16bd078,0x00000000fab00000)
  from space 43520K, 0% used [0x00000000fab00000,0x00000000fab00000,0x00000000fd580000)
  to   space 43520K, 0% used [0x00000000fd580000,0x00000000fd580000,0x0000000100000000)
 ParOldGen       total 699392K, used 38174K [0x00000000c0000000, 0x00000000eab00000, 0x00000000eab00000)
  object space 699392K, 5% used [0x00000000c0000000,0x00000000c25479b0,0x00000000eab00000)
 Metaspace       used 65027K, capacity 73039K, committed 73240K, reserved 1112064K
  class space    used 9276K, capacity 9751K, committed 9776K, reserved 1048576K
GC Heap History (10 events):
Event: 1.961 GC heap before
{Heap before GC invocations=2 (full 1):
 PSYoungGen      total 305664K, used 12860K [0x00000000eab00000, 0x0000000100000000, 0x0000000100000000)
  eden space 262144K, 0% used [0x00000000eab00000,0x00000000eab00000,0x00000000fab00000)
  from space 43520K, 29% used [0x00000000fab00000,0x00000000fb78f088,0x00000000fd580000)
  to   space 43520K, 0% used [0x00000000fd580000,0x00000000fd580000,0x0000000100000000)
 ParOldGen       total 699392K, used 16K [0x00000000c0000000, 0x00000000eab00000, 0x00000000eab00000)
  object space 699392K, 0% used [0x00000000c0000000,0x00000000c0004000,0x00000000eab00000)
 Metaspace       used 20308K, capacity 21190K, committed 21296K, reserved 1067008K
  class space    used 2937K, capacity 3090K, committed 3120K, reserved 1048576K
Event: 2.003 GC heap after
Heap after GC invocations=2 (full 1):
 PSYoungGen      total 305664K, used 0K [0x00000000eab00000, 0x0000000100000000, 0x0000000100000000)
  eden space 262144K, 0% used [0x00000000eab00000,0x00000000eab00000,0x00000000fab00000)
  from space 43520K, 0% used [0x00000000fab00000,0x00000000fab00000,0x00000000fd580000)
  to   space 43520K, 0% used [0x00000000fd580000,0x00000000fd580000,0x0000000100000000)
 ParOldGen       total 699392K, used 12117K [0x00000000c0000000, 0x00000000eab00000, 0x00000000eab00000)
  object space 699392K, 1% used [0x00000000c0000000,0x00000000c0bd5710,0x00000000eab00000)
 Metaspace       used 20284K, capacity 21148K, committed 21296K, reserved 1067008K
  class space    used 2927K, capacity 3073K, committed 3120K, reserved 1048576K
}
Event: 3.633 GC heap before
{Heap before GC invocations=3 (full 1):
 PSYoungGen      total 305664K, used 94971K [0x00000000eab00000, 0x0000000100000000, 0x0000000100000000)
  eden space 262144K, 36% used [0x00000000eab00000,0x00000000f07beed0,0x00000000fab00000)
  from space 43520K, 0% used [0x00000000fab00000,0x00000000fab00000,0x00000000fd580000)
  to   space 43520K, 0% used [0x00000000fd580000,0x00000000fd580000,0x0000000100000000)
 ParOldGen       total 699392K, used 12117K [0x00000000c0000000, 0x00000000eab00000, 0x00000000eab00000)
  object space 699392K, 1% used [0x00000000c0000000,0x00000000c0bd5710,0x00000000eab00000)
 Metaspace       used 33913K, capacity 35341K, committed 35496K, reserved 1079296K
  class space    used 4811K, capacity 5032K, committed 5040K, reserved 1048576K
Event: 3.689 GC heap after
Heap after GC invocations=3 (full 1):
 PSYoungGen      total 305664K, used 25035K [0x00000000eab00000, 0x0000000100000000, 0x0000000100000000)
  eden space 262144K, 0% used [0x00000000eab00000,0x00000000eab00000,0x00000000fab00000)
  from space 43520K, 57% used [0x00000000fd580000,0x00000000fedf2d18,0x0000000100000000)
  to   space 43520K, 0% used [0x00000000fab00000,0x00000000fab00000,0x00000000fd580000)
 ParOldGen       total 699392K, used 12125K [0x00000000c0000000, 0x00000000eab00000, 0x00000000eab00000)
  object space 699392K, 1% used [0x00000000c0000000,0x00000000c0bd7710,0x00000000eab00000)
 Metaspace       used 33913K, capacity 35341K, committed 35496K, reserved 1079296K
  class space    used 4811K, capacity 5032K, committed 5040K, reserved 1048576K
}
Event: 3.689 GC heap before
{Heap before GC invocations=4 (full 2):
 PSYoungGen      total 305664K, used 25035K [0x00000000eab00000, 0x0000000100000000, 0x0000000100000000)
  eden space 262144K, 0% used [0x00000000eab00000,0x00000000eab00000,0x00000000fab00000)
  from space 43520K, 57% used [0x00000000fd580000,0x00000000fedf2d18,0x0000000100000000)
  to   space 43520K, 0% used [0x00000000fab00000,0x00000000fab00000,0x00000000fd580000)
 ParOldGen       total 699392K, used 12125K [0x00000000c0000000, 0x00000000eab00000, 0x00000000eab00000)
  object space 699392K, 1% used [0x00000000c0000000,0x00000000c0bd7710,0x00000000eab00000)
 Metaspace       used 33913K, capacity 35341K, committed 35496K, reserved 1079296K
  class space    used 4811K, capacity 5032K, committed 5040K, reserved 1048576K
Event: 3.786 GC heap after
Heap after GC invocations=4 (full 2):
 PSYoungGen      total 305664K, used 0K [0x00000000eab00000, 0x0000000100000000, 0x0000000100000000)
  eden space 262144K, 0% used [0x00000000eab00000,0x00000000eab00000,0x00000000fab00000)
  from space 43520K, 0% used [0x00000000fd580000,0x00000000fd580000,0x0000000100000000)
  to   space 43520K, 0% used [0x00000000fab00000,0x00000000fab00000,0x00000000fd580000)
 ParOldGen       total 699392K, used 27489K [0x00000000c0000000, 0x00000000eab00000, 0x00000000eab00000)
  object space 699392K, 3% used [0x00000000c0000000,0x00000000c1ad8590,0x00000000eab00000)
 Metaspace       used 33913K, capacity 35341K, committed 35496K, reserved 1079296K
  class space    used 4811K, capacity 5032K, committed 5040K, reserved 1048576K
}
Event: 8.361 GC heap before
{Heap before GC invocations=5 (full 2):
 PSYoungGen      total 305664K, used 159957K [0x00000000eab00000, 0x0000000100000000, 0x0000000100000000)
  eden space 262144K, 61% used [0x00000000eab00000,0x00000000f4735558,0x00000000fab00000)
  from space 43520K, 0% used [0x00000000fd580000,0x00000000fd580000,0x0000000100000000)
  to   space 43520K, 0% used [0x00000000fab00000,0x00000000fab00000,0x00000000fd580000)
 ParOldGen       total 699392K, used 27489K [0x00000000c0000000, 0x00000000eab00000, 0x00000000eab00000)
  object space 699392K, 3% used [0x00000000c0000000,0x00000000c1ad8590,0x00000000eab00000)
 Metaspace       used 54828K, capacity 58983K, committed 59160K, reserved 1101824K
  class space    used 7370K, capacity 7728K, committed 7728K, reserved 1048576K
Event: 8.400 GC heap after
Heap after GC invocations=5 (full 2):
 PSYoungGen      total 305664K, used 19355K [0x00000000eab00000, 0x0000000100000000, 0x0000000100000000)
  eden space 262144K, 0% used [0x00000000eab00000,0x00000000eab00000,0x00000000fab00000)
  from space 43520K, 44% used [0x00000000fab00000,0x00000000fbde6fc0,0x00000000fd580000)
  to   space 43520K, 0% used [0x00000000fd580000,0x00000000fd580000,0x0000000100000000)
 ParOldGen       total 699392K, used 27497K [0x00000000c0000000, 0x00000000eab00000, 0x00000000eab00000)
  object space 699392K, 3% used [0x00000000c0000000,0x00000000c1ada590,0x00000000eab00000)
 Metaspace       used 54828K, capacity 58983K, committed 59160K, reserved 1101824K
  class space    used 7370K, capacity 7728K, committed 7728K, reserved 1048576K
}
Event: 8.400 GC heap before
{Heap before GC invocations=6 (full 3):
 PSYoungGen      total 305664K, used 19355K [0x00000000eab00000, 0x0000000100000000, 0x0000000100000000)
  eden space 262144K, 0% used [0x00000000eab00000,0x00000000eab00000,0x00000000fab00000)
  from space 43520K, 44% used [0x00000000fab00000,0x00000000fbde6fc0,0x00000000fd580000)
  to   space 43520K, 0% used [0x00000000fd580000,0x00000000fd580000,0x0000000100000000)
 ParOldGen       total 699392K, used 27497K [0x00000000c0000000, 0x00000000eab00000, 0x00000000eab00000)
  object space 699392K, 3% used [0x00000000c0000000,0x00000000c1ada590,0x00000000eab00000)
 Metaspace       used 54828K, capacity 58983K, committed 59160K, reserved 1101824K
  class space    used 7370K, capacity 7728K, committed 7728K, reserved 1048576K
Event: 8.621 GC heap after
Heap after GC invocations=6 (full 3):
 PSYoungGen      total 305664K, used 0K [0x00000000eab00000, 0x0000000100000000, 0x0000000100000000)
  eden space 262144K, 0% used [0x00000000eab00000,0x00000000eab00000,0x00000000fab00000)
  from space 43520K, 0% used [0x00000000fab00000,0x00000000fab00000,0x00000000fd580000)
  to   space 43520K, 0% used [0x00000000fd580000,0x00000000fd580000,0x0000000100000000)
 ParOldGen       total 699392K, used 38174K [0x00000000c0000000, 0x00000000eab00000, 0x00000000eab00000)
  object space 699392K, 5% used [0x00000000c0000000,0x00000000c25479b0,0x00000000eab00000)
 Metaspace       used 54828K, capacity 58983K, committed 59160K, reserved 1101824K
  class space    used 7370K, capacity 7728K, committed 7728K, reserved 1048576K
}

