# JRE version: Java(TM) SE Runtime Environment (8.0_231-b11) (build 1.8.0_231-b11)
# Java VM: Java HotSpot(TM) 64-Bit Server VM (25.231-b11 mixed mode windows-amd64 compressed oops)
Heap:
 PSYoungGen      total 305664K, used 127663K [0x00000000eab00000, 0x0000000100000000, 0x0000000100000000)
  eden space 262144K, 48% used [0x00000000eab00000,0x00000000f27abd70,0x00000000fab00000)
  from space 43520K, 0% used [0x00000000fd580000,0x00000000fd580000,0x0000000100000000)
  to   space 43520K, 0% used [0x00000000fab00000,0x00000000fab00000,0x00000000fd580000)
 ParOldGen       total 699392K, used 27314K [0x00000000c0000000, 0x00000000eab00000, 0x00000000eab00000)
  object space 699392K, 3% used [0x00000000c0000000,0x00000000c1aaca90,0x00000000eab00000)
 Metaspace       used 51459K, capacity 54865K, committed 55088K, reserved 1097728K
  class space    used 6906K, capacity 7212K, committed 7216K, reserved 1048576K
GC Heap History (8 events):
Event: 39.936 GC heap before
{Heap before GC invocations=1 (full 0):
 PSYoungGen      total 305664K, used 73400K [0x00000000eab00000, 0x0000000100000000, 0x0000000100000000)
  eden space 262144K, 28% used [0x00000000eab00000,0x00000000ef2ae268,0x00000000fab00000)
  from space 43520K, 0% used [0x00000000fd580000,0x00000000fd580000,0x0000000100000000)
  to   space 43520K, 0% used [0x00000000fab00000,0x00000000fab00000,0x00000000fd580000)
 ParOldGen       total 699392K, used 0K [0x00000000c0000000, 0x00000000eab00000, 0x00000000eab00000)
  object space 699392K, 0% used [0x00000000c0000000,0x00000000c0000000,0x00000000eab00000)
 Metaspace       used 20391K, capacity 21222K, committed 21296K, reserved 1067008K
  class space    used 2930K, capacity 3082K, committed 3120K, reserved 1048576K
Event: 40.040 GC heap after
Heap after GC invocations=1 (full 0):
 PSYoungGen      total 305664K, used 12916K [0x00000000eab00000, 0x0000000100000000, 0x0000000100000000)
  eden space 262144K, 0% used [0x00000000eab00000,0x00000000eab00000,0x00000000fab00000)
  from space 43520K, 29% used [0x00000000fab00000,0x00000000fb79d3d8,0x00000000fd580000)
  to   space 43520K, 0% used [0x00000000fd580000,0x00000000fd580000,0x0000000100000000)
 ParOldGen       total 699392K, used 16K [0x00000000c0000000, 0x00000000eab00000, 0x00000000eab00000)
  object space 699392K, 0% used [0x00000000c0000000,0x00000000c0004000,0x00000000eab00000)
 Metaspace       used 20391K, capacity 21222K, committed 21296K, reserved 1067008K
  class space    used 2930K, capacity 3082K, committed 3120K, reserved 1048576K
}
Event: 40.040 GC heap before
{Heap before GC invocations=2 (full 1):
 PSYoungGen      total 305664K, used 12916K [0x00000000eab00000, 0x0000000100000000, 0x0000000100000000)
  eden space 262144K, 0% used [0x00000000eab00000,0x00000000eab00000,0x00000000fab00000)
  from space 43520K, 29% used [0x00000000fab00000,0x00000000fb79d3d8,0x00000000fd580000)
  to   space 43520K, 0% used [0x00000000fd580000,0x00000000fd580000,0x0000000100000000)
 ParOldGen       total 699392K, used 16K [0x00000000c0000000, 0x00000000eab00000, 0x00000000eab00000)
  object space 699392K, 0% used [0x00000000c0000000,0x00000000c0004000,0x00000000eab00000)
 Metaspace       used 20391K, capacity 21222K, committed 21296K, reserved 1067008K
  class space    used 2930K, capacity 3082K, committed 3120K, reserved 1048576K
Event: 40.152 GC heap after
Heap after GC invocations=2 (full 1):
 PSYoungGen      total 305664K, used 0K [0x00000000eab00000, 0x0000000100000000, 0x0000000100000000)
  eden space 262144K, 0% used [0x00000000eab00000,0x00000000eab00000,0x00000000fab00000)
  from space 43520K, 0% used [0x00000000fab00000,0x00000000fab00000,0x00000000fd580000)
  to   space 43520K, 0% used [0x00000000fd580000,0x00000000fd580000,0x0000000100000000)
 ParOldGen       total 699392K, used 12301K [0x00000000c0000000, 0x00000000eab00000, 0x00000000eab00000)
  object space 699392K, 1% used [0x00000000c0000000,0x00000000c0c03508,0x00000000eab00000)
 Metaspace       used 20377K, capacity 21196K, committed 21296K, reserved 1067008K
  class space    used 2925K, capacity 3073K, committed 3120K, reserved 1048576K
}
Event: 99.767 GC heap before
{Heap before GC invocations=3 (full 1):
 PSYoungGen      total 305664K, used 94373K [0x00000000eab00000, 0x0000000100000000, 0x0000000100000000)
  eden space 262144K, 36% used [0x00000000eab00000,0x00000000f0729740,0x00000000fab00000)
  from space 43520K, 0% used [0x00000000fab00000,0x00000000fab00000,0x00000000fd580000)
  to   space 43520K, 0% used [0x00000000fd580000,0x00000000fd580000,0x0000000100000000)
 ParOldGen       total 699392K, used 12301K [0x00000000c0000000, 0x00000000eab00000, 0x00000000eab00000)
  object space 699392K, 1% used [0x00000000c0000000,0x00000000c0c03508,0x00000000eab00000)
 Metaspace       used 33938K, capacity 35339K, committed 35496K, reserved 1079296K
  class space    used 4654K, capacity 4844K, committed 4912K, reserved 1048576K
Event: 99.843 GC heap after
Heap after GC invocations=3 (full 1):
 PSYoungGen      total 305664K, used 24818K [0x00000000eab00000, 0x0000000100000000, 0x0000000100000000)
  eden space 262144K, 0% used [0x00000000eab00000,0x00000000eab00000,0x00000000fab00000)
  from space 43520K, 57% used [0x00000000fd580000,0x00000000fedbcb48,0x0000000100000000)
  to   space 43520K, 0% used [0x00000000fab00000,0x00000000fab00000,0x00000000fd580000)
 ParOldGen       total 699392K, used 12309K [0x00000000c0000000, 0x00000000eab00000, 0x00000000eab00000)
  object space 699392K, 1% used [0x00000000c0000000,0x00000000c0c05508,0x00000000eab00000)
 Metaspace       used 33938K, capacity 35339K, committed 35496K, reserved 1079296K
  class space    used 4654K, capacity 4844K, committed 4912K, reserved 1048576K
}
Event: 99.843 GC heap before
{Heap before GC invocations=4 (full 2):
 PSYoungGen      total 305664K, used 24818K [0x00000000eab00000, 0x0000000100000000, 0x0000000100000000)
  eden space 262144K, 0% used [0x00000000eab00000,0x00000000eab00000,0x00000000fab00000)
  from space 43520K, 57% used [0x00000000fd580000,0x00000000fedbcb48,0x0000000100000000)
  to   space 43520K, 0% used [0x00000000fab00000,0x00000000fab00000,0x00000000fd580000)
 ParOldGen       total 699392K, used 12309K [0x00000000c0000000, 0x00000000eab00000, 0x00000000eab00000)
  object space 699392K, 1% used [0x00000000c0000000,0x00000000c0c05508,0x00000000eab00000)
 Metaspace       used 33938K, capacity 35339K, committed 35496K, reserved 1079296K
  class space    used 4654K, capacity 4844K, committed 4912K, reserved 1048576K
Event: 99.986 GC heap after
Heap after GC invocations=4 (full 2):
 PSYoungGen      total 305664K, used 0K [0x00000000eab00000, 0x0000000100000000, 0x0000000100000000)
  eden space 262144K, 0% used [0x00000000eab00000,0x00000000eab00000,0x00000000fab00000)
  from space 43520K, 0% used [0x00000000fd580000,0x00000000fd580000,0x0000000100000000)
  to   space 43520K, 0% used [0x00000000fab00000,0x00000000fab00000,0x00000000fd580000)
 ParOldGen       total 699392K, used 27314K [0x00000000c0000000, 0x00000000eab00000, 0x00000000eab00000)
  object space 699392K, 3% used [0x00000000c0000000,0x00000000c1aaca90,0x00000000eab00000)
 Metaspace       used 33938K, capacity 35339K, committed 35496K, reserved 1079296K
  class space    used 4654K, capacity 4844K, committed 4912K, reserved 1048576K
}

