# JRE version: Java(TM) SE Runtime Environment (8.0_231-b11) (build 1.8.0_231-b11)
# Java VM: Java HotSpot(TM) 64-Bit Server VM (25.231-b11 mixed mode windows-amd64 compressed oops)
Heap:
 PSYoungGen      total 305664K, used 65368K [0x00000000eab00000, 0x0000000100000000, 0x0000000100000000)
  eden space 262144K, 24% used [0x00000000eab00000,0x00000000eead6008,0x00000000fab00000)
  from space 43520K, 0% used [0x00000000fab00000,0x00000000fab00000,0x00000000fd580000)
  to   space 43520K, 0% used [0x00000000fd580000,0x00000000fd580000,0x0000000100000000)
 ParOldGen       total 699392K, used 38175K [0x00000000c0000000, 0x00000000eab00000, 0x00000000eab00000)
  object space 699392K, 5% used [0x00000000c0000000,0x00000000c2547cc8,0x00000000eab00000)
 Metaspace       used 60803K, capacity 67124K, committed 67352K, reserved 1107968K
  class space    used 8453K, capacity 8874K, committed 9000K, reserved 1048576K
GC Heap History (10 events):
Event: 62.156 GC heap before
{Heap before GC invocations=2 (full 1):
 PSYoungGen      total 305664K, used 12788K [0x00000000eab00000, 0x0000000100000000, 0x0000000100000000)
  eden space 262144K, 0% used [0x00000000eab00000,0x00000000eab00000,0x00000000fab00000)
  from space 43520K, 29% used [0x00000000fab00000,0x00000000fb77d130,0x00000000fd580000)
  to   space 43520K, 0% used [0x00000000fd580000,0x00000000fd580000,0x0000000100000000)
 ParOldGen       total 699392K, used 16K [0x00000000c0000000, 0x00000000eab00000, 0x00000000eab00000)
  object space 699392K, 0% used [0x00000000c0000000,0x00000000c0004000,0x00000000eab00000)
 Metaspace       used 20237K, capacity 21142K, committed 21296K, reserved 1067008K
  class space    used 2940K, capacity 3120K, committed 3200K, reserved 1048576K
Event: 62.208 GC heap after
Heap after GC invocations=2 (full 1):
 PSYoungGen      total 305664K, used 0K [0x00000000eab00000, 0x0000000100000000, 0x0000000100000000)
  eden space 262144K, 0% used [0x00000000eab00000,0x00000000eab00000,0x00000000fab00000)
  from space 43520K, 0% used [0x00000000fab00000,0x00000000fab00000,0x00000000fd580000)
  to   space 43520K, 0% used [0x00000000fd580000,0x00000000fd580000,0x0000000100000000)
 ParOldGen       total 699392K, used 12028K [0x00000000c0000000, 0x00000000eab00000, 0x00000000eab00000)
  object space 699392K, 1% used [0x00000000c0000000,0x00000000c0bbf2f0,0x00000000eab00000)
 Metaspace       used 20217K, capacity 21108K, committed 21296K, reserved 1067008K
  class space    used 2932K, capacity 3105K, committed 3200K, reserved 1048576K
}
Event: 72.104 GC heap before
{Heap before GC invocations=3 (full 1):
 PSYoungGen      total 305664K, used 99638K [0x00000000eab00000, 0x0000000100000000, 0x0000000100000000)
  eden space 262144K, 38% used [0x00000000eab00000,0x00000000f0c4d888,0x00000000fab00000)
  from space 43520K, 0% used [0x00000000fab00000,0x00000000fab00000,0x00000000fd580000)
  to   space 43520K, 0% used [0x00000000fd580000,0x00000000fd580000,0x0000000100000000)
 ParOldGen       total 699392K, used 12028K [0x00000000c0000000, 0x00000000eab00000, 0x00000000eab00000)
  object space 699392K, 1% used [0x00000000c0000000,0x00000000c0bbf2f0,0x00000000eab00000)
 Metaspace       used 34029K, capacity 35468K, committed 35496K, reserved 1079296K
  class space    used 4804K, capacity 5004K, committed 5032K, reserved 1048576K
Event: 72.200 GC heap after
Heap after GC invocations=3 (full 1):
 PSYoungGen      total 305664K, used 25810K [0x00000000eab00000, 0x0000000100000000, 0x0000000100000000)
  eden space 262144K, 0% used [0x00000000eab00000,0x00000000eab00000,0x00000000fab00000)
  from space 43520K, 59% used [0x00000000fd580000,0x00000000feeb48d0,0x0000000100000000)
  to   space 43520K, 0% used [0x00000000fab00000,0x00000000fab00000,0x00000000fd580000)
 ParOldGen       total 699392K, used 12028K [0x00000000c0000000, 0x00000000eab00000, 0x00000000eab00000)
  object space 699392K, 1% used [0x00000000c0000000,0x00000000c0bbf2f0,0x00000000eab00000)
 Metaspace       used 34029K, capacity 35468K, committed 35496K, reserved 1079296K
  class space    used 4804K, capacity 5004K, committed 5032K, reserved 1048576K
}
Event: 72.200 GC heap before
{Heap before GC invocations=4 (full 2):
 PSYoungGen      total 305664K, used 25810K [0x00000000eab00000, 0x0000000100000000, 0x0000000100000000)
  eden space 262144K, 0% used [0x00000000eab00000,0x00000000eab00000,0x00000000fab00000)
  from space 43520K, 59% used [0x00000000fd580000,0x00000000feeb48d0,0x0000000100000000)
  to   space 43520K, 0% used [0x00000000fab00000,0x00000000fab00000,0x00000000fd580000)
 ParOldGen       total 699392K, used 12028K [0x00000000c0000000, 0x00000000eab00000, 0x00000000eab00000)
  object space 699392K, 1% used [0x00000000c0000000,0x00000000c0bbf2f0,0x00000000eab00000)
 Metaspace       used 34029K, capacity 35468K, committed 35496K, reserved 1079296K
  class space    used 4804K, capacity 5004K, committed 5032K, reserved 1048576K
Event: 72.379 GC heap after
Heap after GC invocations=4 (full 2):
 PSYoungGen      total 305664K, used 0K [0x00000000eab00000, 0x0000000100000000, 0x0000000100000000)
  eden space 262144K, 0% used [0x00000000eab00000,0x00000000eab00000,0x00000000fab00000)
  from space 43520K, 0% used [0x00000000fd580000,0x00000000fd580000,0x0000000100000000)
  to   space 43520K, 0% used [0x00000000fab00000,0x00000000fab00000,0x00000000fd580000)
 ParOldGen       total 699392K, used 28220K [0x00000000c0000000, 0x00000000eab00000, 0x00000000eab00000)
  object space 699392K, 4% used [0x00000000c0000000,0x00000000c1b8f288,0x00000000eab00000)
 Metaspace       used 34029K, capacity 35468K, committed 35496K, reserved 1079296K
  class space    used 4804K, capacity 5004K, committed 5032K, reserved 1048576K
}
Event: 81.004 GC heap before
{Heap before GC invocations=5 (full 2):
 PSYoungGen      total 305664K, used 159293K [0x00000000eab00000, 0x0000000100000000, 0x0000000100000000)
  eden space 262144K, 60% used [0x00000000eab00000,0x00000000f468f590,0x00000000fab00000)
  from space 43520K, 0% used [0x00000000fd580000,0x00000000fd580000,0x0000000100000000)
  to   space 43520K, 0% used [0x00000000fab00000,0x00000000fab00000,0x00000000fd580000)
 ParOldGen       total 699392K, used 28220K [0x00000000c0000000, 0x00000000eab00000, 0x00000000eab00000)
  object space 699392K, 4% used [0x00000000c0000000,0x00000000c1b8f288,0x00000000eab00000)
 Metaspace       used 54820K, capacity 58926K, committed 59160K, reserved 1101824K
  class space    used 7362K, capacity 7720K, committed 7720K, reserved 1048576K
Event: 81.069 GC heap after
Heap after GC invocations=5 (full 2):
 PSYoungGen      total 305664K, used 18749K [0x00000000eab00000, 0x0000000100000000, 0x0000000100000000)
  eden space 262144K, 0% used [0x00000000eab00000,0x00000000eab00000,0x00000000fab00000)
  from space 43520K, 43% used [0x00000000fab00000,0x00000000fbd4f760,0x00000000fd580000)
  to   space 43520K, 0% used [0x00000000fd580000,0x00000000fd580000,0x0000000100000000)
 ParOldGen       total 699392K, used 28228K [0x00000000c0000000, 0x00000000eab00000, 0x00000000eab00000)
  object space 699392K, 4% used [0x00000000c0000000,0x00000000c1b91288,0x00000000eab00000)
 Metaspace       used 54820K, capacity 58926K, committed 59160K, reserved 1101824K
  class space    used 7362K, capacity 7720K, committed 7720K, reserved 1048576K
}
Event: 81.069 GC heap before
{Heap before GC invocations=6 (full 3):
 PSYoungGen      total 305664K, used 18749K [0x00000000eab00000, 0x0000000100000000, 0x0000000100000000)
  eden space 262144K, 0% used [0x00000000eab00000,0x00000000eab00000,0x00000000fab00000)
  from space 43520K, 43% used [0x00000000fab00000,0x00000000fbd4f760,0x00000000fd580000)
  to   space 43520K, 0% used [0x00000000fd580000,0x00000000fd580000,0x0000000100000000)
 ParOldGen       total 699392K, used 28228K [0x00000000c0000000, 0x00000000eab00000, 0x00000000eab00000)
  object space 699392K, 4% used [0x00000000c0000000,0x00000000c1b91288,0x00000000eab00000)
 Metaspace       used 54820K, capacity 58926K, committed 59160K, reserved 1101824K
  class space    used 7362K, capacity 7720K, committed 7720K, reserved 1048576K
Event: 81.405 GC heap after
Heap after GC invocations=6 (full 3):
 PSYoungGen      total 305664K, used 0K [0x00000000eab00000, 0x0000000100000000, 0x0000000100000000)
  eden space 262144K, 0% used [0x00000000eab00000,0x00000000eab00000,0x00000000fab00000)
  from space 43520K, 0% used [0x00000000fab00000,0x00000000fab00000,0x00000000fd580000)
  to   space 43520K, 0% used [0x00000000fd580000,0x00000000fd580000,0x0000000100000000)
 ParOldGen       total 699392K, used 38175K [0x00000000c0000000, 0x00000000eab00000, 0x00000000eab00000)
  object space 699392K, 5% used [0x00000000c0000000,0x00000000c2547cc8,0x00000000eab00000)
 Metaspace       used 54820K, capacity 58926K, committed 59160K, reserved 1101824K
  class space    used 7362K, capacity 7720K, committed 7720K, reserved 1048576K
}

