# JRE version: Java(TM) SE Runtime Environment (8.0_231-b11) (build 1.8.0_231-b11)
# Java VM: Java HotSpot(TM) 64-Bit Server VM (25.231-b11 mixed mode windows-amd64 compressed oops)
Heap:
 PSYoungGen      total 289280K, used 183148K [0x00000000eab00000, 0x0000000100000000, 0x0000000100000000)
  eden space 229376K, 77% used [0x00000000eab00000,0x00000000f584ad70,0x00000000f8b00000)
  from space 59904K, 9% used [0x00000000f8b00000,0x00000000f9090320,0x00000000fc580000)
  to   space 58368K, 0% used [0x00000000fc700000,0x00000000fc700000,0x0000000100000000)
 ParOldGen       total 699392K, used 38517K [0x00000000c0000000, 0x00000000eab00000, 0x00000000eab00000)
  object space 699392K, 5% used [0x00000000c0000000,0x00000000c259d418,0x00000000eab00000)
 Metaspace       used 124674K, capacity 138626K, committed 139160K, reserved 1171456K
  class space    used 16600K, capacity 17501K, committed 17840K, reserved 1048576K
GC Heap History (10 events):
Event: 1332.159 GC heap before
{Heap before GC invocations=23 (full 6):
 PSYoungGen      total 288768K, used 101610K [0x00000000eab00000, 0x0000000100000000, 0x0000000100000000)
  eden space 227840K, 41% used [0x00000000eab00000,0x00000000f072b4d8,0x00000000f8980000)
  from space 60928K, 11% used [0x00000000fc480000,0x00000000fcb8f4a0,0x0000000100000000)
  to   space 60416K, 0% used [0x00000000f8980000,0x00000000f8980000,0x00000000fc480000)
 ParOldGen       total 699392K, used 40004K [0x00000000c0000000, 0x00000000eab00000, 0x00000000eab00000)
  object space 699392K, 5% used [0x00000000c0000000,0x00000000c2711348,0x00000000eab00000)
 Metaspace       used 122298K, capacity 135902K, committed 136344K, reserved 1167360K
  class space    used 16342K, capacity 17409K, committed 17584K, reserved 1048576K
Event: 1332.175 GC heap after
Heap after GC invocations=23 (full 6):
 PSYoungGen      total 288256K, used 4211K [0x00000000eab00000, 0x0000000100000000, 0x0000000100000000)
  eden space 227840K, 0% used [0x00000000eab00000,0x00000000eab00000,0x00000000f8980000)
  from space 60416K, 6% used [0x00000000f8980000,0x00000000f8d9cf50,0x00000000fc480000)
  to   space 59904K, 0% used [0x00000000fc580000,0x00000000fc580000,0x0000000100000000)
 ParOldGen       total 699392K, used 40012K [0x00000000c0000000, 0x00000000eab00000, 0x00000000eab00000)
  object space 699392K, 5% used [0x00000000c0000000,0x00000000c2713348,0x00000000eab00000)
 Metaspace       used 122298K, capacity 135902K, committed 136344K, reserved 1167360K
  class space    used 16342K, capacity 17409K, committed 17584K, reserved 1048576K
}
Event: 1332.175 GC heap before
{Heap before GC invocations=24 (full 7):
 PSYoungGen      total 288256K, used 4211K [0x00000000eab00000, 0x0000000100000000, 0x0000000100000000)
  eden space 227840K, 0% used [0x00000000eab00000,0x00000000eab00000,0x00000000f8980000)
  from space 60416K, 6% used [0x00000000f8980000,0x00000000f8d9cf50,0x00000000fc480000)
  to   space 59904K, 0% used [0x00000000fc580000,0x00000000fc580000,0x0000000100000000)
 ParOldGen       total 699392K, used 40012K [0x00000000c0000000, 0x00000000eab00000, 0x00000000eab00000)
  object space 699392K, 5% used [0x00000000c0000000,0x00000000c2713348,0x00000000eab00000)
 Metaspace       used 122298K, capacity 135902K, committed 136344K, reserved 1167360K
  class space    used 16342K, capacity 17409K, committed 17584K, reserved 1048576K
Event: 1332.555 GC heap after
Heap after GC invocations=24 (full 7):
 PSYoungGen      total 288256K, used 0K [0x00000000eab00000, 0x0000000100000000, 0x0000000100000000)
  eden space 227840K, 0% used [0x00000000eab00000,0x00000000eab00000,0x00000000f8980000)
  from space 60416K, 0% used [0x00000000f8980000,0x00000000f8980000,0x00000000fc480000)
  to   space 59904K, 0% used [0x00000000fc580000,0x00000000fc580000,0x0000000100000000)
 ParOldGen       total 699392K, used 40941K [0x00000000c0000000, 0x00000000eab00000, 0x00000000eab00000)
  object space 699392K, 5% used [0x00000000c0000000,0x00000000c27fb6e8,0x00000000eab00000)
 Metaspace       used 117400K, capacity 130166K, committed 136344K, reserved 1167360K
  class space    used 15857K, capacity 16651K, committed 17584K, reserved 1048576K
}
Event: 1332.558 GC heap before
{Heap before GC invocations=25 (full 7):
 PSYoungGen      total 288256K, used 848K [0x00000000eab00000, 0x0000000100000000, 0x0000000100000000)
  eden space 227840K, 0% used [0x00000000eab00000,0x00000000eabd4150,0x00000000f8980000)
  from space 60416K, 0% used [0x00000000f8980000,0x00000000f8980000,0x00000000fc480000)
  to   space 59904K, 0% used [0x00000000fc580000,0x00000000fc580000,0x0000000100000000)
 ParOldGen       total 699392K, used 40941K [0x00000000c0000000, 0x00000000eab00000, 0x00000000eab00000)
  object space 699392K, 5% used [0x00000000c0000000,0x00000000c27fb6e8,0x00000000eab00000)
 Metaspace       used 117400K, capacity 130166K, committed 136344K, reserved 1167360K
  class space    used 15857K, capacity 16651K, committed 17584K, reserved 1048576K
Event: 1332.562 GC heap after
Heap after GC invocations=25 (full 7):
 PSYoungGen      total 289280K, used 32K [0x00000000eab00000, 0x0000000100000000, 0x0000000100000000)
  eden space 229376K, 0% used [0x00000000eab00000,0x00000000eab00000,0x00000000f8b00000)
  from space 59904K, 0% used [0x00000000fc580000,0x00000000fc588000,0x0000000100000000)
  to   space 59904K, 0% used [0x00000000f8b00000,0x00000000f8b00000,0x00000000fc580000)
 ParOldGen       total 699392K, used 40941K [0x00000000c0000000, 0x00000000eab00000, 0x00000000eab00000)
  object space 699392K, 5% used [0x00000000c0000000,0x00000000c27fb6e8,0x00000000eab00000)
 Metaspace       used 117400K, capacity 130166K, committed 136344K, reserved 1167360K
  class space    used 15857K, capacity 16651K, committed 17584K, reserved 1048576K
}
Event: 1332.562 GC heap before
{Heap before GC invocations=26 (full 8):
 PSYoungGen      total 289280K, used 32K [0x00000000eab00000, 0x0000000100000000, 0x0000000100000000)
  eden space 229376K, 0% used [0x00000000eab00000,0x00000000eab00000,0x00000000f8b00000)
  from space 59904K, 0% used [0x00000000fc580000,0x00000000fc588000,0x0000000100000000)
  to   space 59904K, 0% used [0x00000000f8b00000,0x00000000f8b00000,0x00000000fc580000)
 ParOldGen       total 699392K, used 40941K [0x00000000c0000000, 0x00000000eab00000, 0x00000000eab00000)
  object space 699392K, 5% used [0x00000000c0000000,0x00000000c27fb6e8,0x00000000eab00000)
 Metaspace       used 117400K, capacity 130166K, committed 136344K, reserved 1167360K
  class space    used 15857K, capacity 16651K, committed 17584K, reserved 1048576K
Event: 1332.775 GC heap after
Heap after GC invocations=26 (full 8):
 PSYoungGen      total 289280K, used 0K [0x00000000eab00000, 0x0000000100000000, 0x0000000100000000)
  eden space 229376K, 0% used [0x00000000eab00000,0x00000000eab00000,0x00000000f8b00000)
  from space 59904K, 0% used [0x00000000fc580000,0x00000000fc580000,0x0000000100000000)
  to   space 59904K, 0% used [0x00000000f8b00000,0x00000000f8b00000,0x00000000fc580000)
 ParOldGen       total 699392K, used 38517K [0x00000000c0000000, 0x00000000eab00000, 0x00000000eab00000)
  object space 699392K, 5% used [0x00000000c0000000,0x00000000c259d418,0x00000000eab00000)
 Metaspace       used 117400K, capacity 130166K, committed 136344K, reserved 1167360K
  class space    used 15857K, capacity 16651K, committed 17584K, reserved 1048576K
}
Event: 1490.501 GC heap before
{Heap before GC invocations=27 (full 8):
 PSYoungGen      total 289280K, used 229376K [0x00000000eab00000, 0x0000000100000000, 0x0000000100000000)
  eden space 229376K, 100% used [0x00000000eab00000,0x00000000f8b00000,0x00000000f8b00000)
  from space 59904K, 0% used [0x00000000fc580000,0x00000000fc580000,0x0000000100000000)
  to   space 59904K, 0% used [0x00000000f8b00000,0x00000000f8b00000,0x00000000fc580000)
 ParOldGen       total 699392K, used 38517K [0x00000000c0000000, 0x00000000eab00000, 0x00000000eab00000)
  object space 699392K, 5% used [0x00000000c0000000,0x00000000c259d418,0x00000000eab00000)
 Metaspace       used 118739K, capacity 131700K, committed 136344K, reserved 1167360K
  class space    used 15996K, capacity 16868K, committed 17584K, reserved 1048576K
Event: 1490.512 GC heap after
Heap after GC invocations=27 (full 8):
 PSYoungGen      total 289280K, used 5696K [0x00000000eab00000, 0x0000000100000000, 0x0000000100000000)
  eden space 229376K, 0% used [0x00000000eab00000,0x00000000eab00000,0x00000000f8b00000)
  from space 59904K, 9% used [0x00000000f8b00000,0x00000000f9090320,0x00000000fc580000)
  to   space 58368K, 0% used [0x00000000fc700000,0x00000000fc700000,0x0000000100000000)
 ParOldGen       total 699392K, used 38517K [0x00000000c0000000, 0x00000000eab00000, 0x00000000eab00000)
  object space 699392K, 5% used [0x00000000c0000000,0x00000000c259d418,0x00000000eab00000)
 Metaspace       used 118739K, capacity 131700K, committed 136344K, reserved 1167360K
  class space    used 15996K, capacity 16868K, committed 17584K, reserved 1048576K
}

