# JRE version: Java(TM) SE Runtime Environment (8.0_231-b11) (build 1.8.0_231-b11)
# Java VM: Java HotSpot(TM) 64-Bit Server VM (25.231-b11 mixed mode windows-amd64 compressed oops)
Heap:
 PSYoungGen      total 305664K, used 60707K [0x00000000eab00000, 0x0000000100000000, 0x0000000100000000)
  eden space 262144K, 23% used [0x00000000eab00000,0x00000000ee648f70,0x00000000fab00000)
  from space 43520K, 0% used [0x00000000fab00000,0x00000000fab00000,0x00000000fd580000)
  to   space 43520K, 0% used [0x00000000fd580000,0x00000000fd580000,0x0000000100000000)
 ParOldGen       total 699392K, used 38329K [0x00000000c0000000, 0x00000000eab00000, 0x00000000eab00000)
  object space 699392K, 5% used [0x00000000c0000000,0x00000000c256e560,0x00000000eab00000)
 Metaspace       used 60460K, capacity 66718K, committed 66968K, reserved 1107968K
  class space    used 8412K, capacity 8835K, committed 8880K, reserved 1048576K
GC Heap History (10 events):
Event: 1.750 GC heap before
{Heap before GC invocations=2 (full 1):
 PSYoungGen      total 305664K, used 12826K [0x00000000eab00000, 0x0000000100000000, 0x0000000100000000)
  eden space 262144K, 0% used [0x00000000eab00000,0x00000000eab00000,0x00000000fab00000)
  from space 43520K, 29% used [0x00000000fab00000,0x00000000fb786ae8,0x00000000fd580000)
  to   space 43520K, 0% used [0x00000000fd580000,0x00000000fd580000,0x0000000100000000)
 ParOldGen       total 699392K, used 16K [0x00000000c0000000, 0x00000000eab00000, 0x00000000eab00000)
  object space 699392K, 0% used [0x00000000c0000000,0x00000000c0004000,0x00000000eab00000)
 Metaspace       used 20341K, capacity 21260K, committed 21296K, reserved 1067008K
  class space    used 2944K, capacity 3091K, committed 3120K, reserved 1048576K
Event: 1.795 GC heap after
Heap after GC invocations=2 (full 1):
 PSYoungGen      total 305664K, used 0K [0x00000000eab00000, 0x0000000100000000, 0x0000000100000000)
  eden space 262144K, 0% used [0x00000000eab00000,0x00000000eab00000,0x00000000fab00000)
  from space 43520K, 0% used [0x00000000fab00000,0x00000000fab00000,0x00000000fd580000)
  to   space 43520K, 0% used [0x00000000fd580000,0x00000000fd580000,0x0000000100000000)
 ParOldGen       total 699392K, used 12146K [0x00000000c0000000, 0x00000000eab00000, 0x00000000eab00000)
  object space 699392K, 1% used [0x00000000c0000000,0x00000000c0bdcbf8,0x00000000eab00000)
 Metaspace       used 20314K, capacity 21212K, committed 21296K, reserved 1067008K
  class space    used 2933K, capacity 3073K, committed 3120K, reserved 1048576K
}
Event: 3.368 GC heap before
{Heap before GC invocations=3 (full 1):
 PSYoungGen      total 305664K, used 94781K [0x00000000eab00000, 0x0000000100000000, 0x0000000100000000)
  eden space 262144K, 36% used [0x00000000eab00000,0x00000000f078f428,0x00000000fab00000)
  from space 43520K, 0% used [0x00000000fab00000,0x00000000fab00000,0x00000000fd580000)
  to   space 43520K, 0% used [0x00000000fd580000,0x00000000fd580000,0x0000000100000000)
 ParOldGen       total 699392K, used 12146K [0x00000000c0000000, 0x00000000eab00000, 0x00000000eab00000)
  object space 699392K, 1% used [0x00000000c0000000,0x00000000c0bdcbf8,0x00000000eab00000)
 Metaspace       used 33682K, capacity 35256K, committed 35496K, reserved 1079296K
  class space    used 4788K, capacity 5040K, committed 5040K, reserved 1048576K
Event: 3.418 GC heap after
Heap after GC invocations=3 (full 1):
 PSYoungGen      total 305664K, used 24799K [0x00000000eab00000, 0x0000000100000000, 0x0000000100000000)
  eden space 262144K, 0% used [0x00000000eab00000,0x00000000eab00000,0x00000000fab00000)
  from space 43520K, 56% used [0x00000000fd580000,0x00000000fedb7d70,0x0000000100000000)
  to   space 43520K, 0% used [0x00000000fab00000,0x00000000fab00000,0x00000000fd580000)
 ParOldGen       total 699392K, used 12154K [0x00000000c0000000, 0x00000000eab00000, 0x00000000eab00000)
  object space 699392K, 1% used [0x00000000c0000000,0x00000000c0bdebf8,0x00000000eab00000)
 Metaspace       used 33682K, capacity 35256K, committed 35496K, reserved 1079296K
  class space    used 4788K, capacity 5040K, committed 5040K, reserved 1048576K
}
Event: 3.418 GC heap before
{Heap before GC invocations=4 (full 2):
 PSYoungGen      total 305664K, used 24799K [0x00000000eab00000, 0x0000000100000000, 0x0000000100000000)
  eden space 262144K, 0% used [0x00000000eab00000,0x00000000eab00000,0x00000000fab00000)
  from space 43520K, 56% used [0x00000000fd580000,0x00000000fedb7d70,0x0000000100000000)
  to   space 43520K, 0% used [0x00000000fab00000,0x00000000fab00000,0x00000000fd580000)
 ParOldGen       total 699392K, used 12154K [0x00000000c0000000, 0x00000000eab00000, 0x00000000eab00000)
  object space 699392K, 1% used [0x00000000c0000000,0x00000000c0bdebf8,0x00000000eab00000)
 Metaspace       used 33682K, capacity 35256K, committed 35496K, reserved 1079296K
  class space    used 4788K, capacity 5040K, committed 5040K, reserved 1048576K
Event: 3.512 GC heap after
Heap after GC invocations=4 (full 2):
 PSYoungGen      total 305664K, used 0K [0x00000000eab00000, 0x0000000100000000, 0x0000000100000000)
  eden space 262144K, 0% used [0x00000000eab00000,0x00000000eab00000,0x00000000fab00000)
  from space 43520K, 0% used [0x00000000fd580000,0x00000000fd580000,0x0000000100000000)
  to   space 43520K, 0% used [0x00000000fab00000,0x00000000fab00000,0x00000000fd580000)
 ParOldGen       total 699392K, used 27316K [0x00000000c0000000, 0x00000000eab00000, 0x00000000eab00000)
  object space 699392K, 3% used [0x00000000c0000000,0x00000000c1aad100,0x00000000eab00000)
 Metaspace       used 33682K, capacity 35256K, committed 35496K, reserved 1079296K
  class space    used 4788K, capacity 5040K, committed 5040K, reserved 1048576K
}
Event: 8.396 GC heap before
{Heap before GC invocations=5 (full 2):
 PSYoungGen      total 305664K, used 165025K [0x00000000eab00000, 0x0000000100000000, 0x0000000100000000)
  eden space 262144K, 62% used [0x00000000eab00000,0x00000000f4c28660,0x00000000fab00000)
  from space 43520K, 0% used [0x00000000fd580000,0x00000000fd580000,0x0000000100000000)
  to   space 43520K, 0% used [0x00000000fab00000,0x00000000fab00000,0x00000000fd580000)
 ParOldGen       total 699392K, used 27316K [0x00000000c0000000, 0x00000000eab00000, 0x00000000eab00000)
  object space 699392K, 3% used [0x00000000c0000000,0x00000000c1aad100,0x00000000eab00000)
 Metaspace       used 54813K, capacity 58978K, committed 59160K, reserved 1101824K
  class space    used 7370K, capacity 7728K, committed 7728K, reserved 1048576K
Event: 8.439 GC heap after
Heap after GC invocations=5 (full 2):
 PSYoungGen      total 305664K, used 19581K [0x00000000eab00000, 0x0000000100000000, 0x0000000100000000)
  eden space 262144K, 0% used [0x00000000eab00000,0x00000000eab00000,0x00000000fab00000)
  from space 43520K, 44% used [0x00000000fab00000,0x00000000fbe1f4d8,0x00000000fd580000)
  to   space 43520K, 0% used [0x00000000fd580000,0x00000000fd580000,0x0000000100000000)
 ParOldGen       total 699392K, used 27324K [0x00000000c0000000, 0x00000000eab00000, 0x00000000eab00000)
  object space 699392K, 3% used [0x00000000c0000000,0x00000000c1aaf100,0x00000000eab00000)
 Metaspace       used 54813K, capacity 58978K, committed 59160K, reserved 1101824K
  class space    used 7370K, capacity 7728K, committed 7728K, reserved 1048576K
}
Event: 8.439 GC heap before
{Heap before GC invocations=6 (full 3):
 PSYoungGen      total 305664K, used 19581K [0x00000000eab00000, 0x0000000100000000, 0x0000000100000000)
  eden space 262144K, 0% used [0x00000000eab00000,0x00000000eab00000,0x00000000fab00000)
  from space 43520K, 44% used [0x00000000fab00000,0x00000000fbe1f4d8,0x00000000fd580000)
  to   space 43520K, 0% used [0x00000000fd580000,0x00000000fd580000,0x0000000100000000)
 ParOldGen       total 699392K, used 27324K [0x00000000c0000000, 0x00000000eab00000, 0x00000000eab00000)
  object space 699392K, 3% used [0x00000000c0000000,0x00000000c1aaf100,0x00000000eab00000)
 Metaspace       used 54813K, capacity 58978K, committed 59160K, reserved 1101824K
  class space    used 7370K, capacity 7728K, committed 7728K, reserved 1048576K
Event: 8.643 GC heap after
Heap after GC invocations=6 (full 3):
 PSYoungGen      total 305664K, used 0K [0x00000000eab00000, 0x0000000100000000, 0x0000000100000000)
  eden space 262144K, 0% used [0x00000000eab00000,0x00000000eab00000,0x00000000fab00000)
  from space 43520K, 0% used [0x00000000fab00000,0x00000000fab00000,0x00000000fd580000)
  to   space 43520K, 0% used [0x00000000fd580000,0x00000000fd580000,0x0000000100000000)
 ParOldGen       total 699392K, used 38329K [0x00000000c0000000, 0x00000000eab00000, 0x00000000eab00000)
  object space 699392K, 5% used [0x00000000c0000000,0x00000000c256e560,0x00000000eab00000)
 Metaspace       used 54813K, capacity 58978K, committed 59160K, reserved 1101824K
  class space    used 7370K, capacity 7728K, committed 7728K, reserved 1048576K
}

