# JRE version: Java(TM) SE Runtime Environment (8.0_231-b11) (build 1.8.0_231-b11)
# Java VM: Java HotSpot(TM) 64-Bit Server VM (25.231-b11 mixed mode windows-amd64 compressed oops)
Heap:
 PSYoungGen      total 305664K, used 123269K [0x00000000eab00000, 0x0000000100000000, 0x0000000100000000)
  eden space 262144K, 47% used [0x00000000eab00000,0x00000000f2361498,0x00000000fab00000)
  from space 43520K, 0% used [0x00000000fd580000,0x00000000fd580000,0x0000000100000000)
  to   space 43520K, 0% used [0x00000000fab00000,0x00000000fab00000,0x00000000fd580000)
 ParOldGen       total 699392K, used 27803K [0x00000000c0000000, 0x00000000eab00000, 0x00000000eab00000)
  object space 699392K, 3% used [0x00000000c0000000,0x00000000c1b26fb8,0x00000000eab00000)
 Metaspace       used 51220K, capacity 54629K, committed 54824K, reserved 1097728K
  class space    used 6886K, capacity 7178K, committed 7216K, reserved 1048576K
GC Heap History (8 events):
Event: 10.073 GC heap before
{Heap before GC invocations=1 (full 0):
 PSYoungGen      total 305664K, used 68158K [0x00000000eab00000, 0x0000000100000000, 0x0000000100000000)
  eden space 262144K, 26% used [0x00000000eab00000,0x00000000eed8fa38,0x00000000fab00000)
  from space 43520K, 0% used [0x00000000fd580000,0x00000000fd580000,0x0000000100000000)
  to   space 43520K, 0% used [0x00000000fab00000,0x00000000fab00000,0x00000000fd580000)
 ParOldGen       total 699392K, used 0K [0x00000000c0000000, 0x00000000eab00000, 0x00000000eab00000)
  object space 699392K, 0% used [0x00000000c0000000,0x00000000c0000000,0x00000000eab00000)
 Metaspace       used 20402K, capacity 21220K, committed 21296K, reserved 1067008K
  class space    used 2931K, capacity 3085K, committed 3120K, reserved 1048576K
Event: 10.122 GC heap after
Heap after GC invocations=1 (full 0):
 PSYoungGen      total 305664K, used 13126K [0x00000000eab00000, 0x0000000100000000, 0x0000000100000000)
  eden space 262144K, 0% used [0x00000000eab00000,0x00000000eab00000,0x00000000fab00000)
  from space 43520K, 30% used [0x00000000fab00000,0x00000000fb7d1850,0x00000000fd580000)
  to   space 43520K, 0% used [0x00000000fd580000,0x00000000fd580000,0x0000000100000000)
 ParOldGen       total 699392K, used 16K [0x00000000c0000000, 0x00000000eab00000, 0x00000000eab00000)
  object space 699392K, 0% used [0x00000000c0000000,0x00000000c0004000,0x00000000eab00000)
 Metaspace       used 20402K, capacity 21220K, committed 21296K, reserved 1067008K
  class space    used 2931K, capacity 3085K, committed 3120K, reserved 1048576K
}
Event: 10.122 GC heap before
{Heap before GC invocations=2 (full 1):
 PSYoungGen      total 305664K, used 13126K [0x00000000eab00000, 0x0000000100000000, 0x0000000100000000)
  eden space 262144K, 0% used [0x00000000eab00000,0x00000000eab00000,0x00000000fab00000)
  from space 43520K, 30% used [0x00000000fab00000,0x00000000fb7d1850,0x00000000fd580000)
  to   space 43520K, 0% used [0x00000000fd580000,0x00000000fd580000,0x0000000100000000)
 ParOldGen       total 699392K, used 16K [0x00000000c0000000, 0x00000000eab00000, 0x00000000eab00000)
  object space 699392K, 0% used [0x00000000c0000000,0x00000000c0004000,0x00000000eab00000)
 Metaspace       used 20402K, capacity 21220K, committed 21296K, reserved 1067008K
  class space    used 2931K, capacity 3085K, committed 3120K, reserved 1048576K
Event: 10.222 GC heap after
Heap after GC invocations=2 (full 1):
 PSYoungGen      total 305664K, used 0K [0x00000000eab00000, 0x0000000100000000, 0x0000000100000000)
  eden space 262144K, 0% used [0x00000000eab00000,0x00000000eab00000,0x00000000fab00000)
  from space 43520K, 0% used [0x00000000fab00000,0x00000000fab00000,0x00000000fd580000)
  to   space 43520K, 0% used [0x00000000fd580000,0x00000000fd580000,0x0000000100000000)
 ParOldGen       total 699392K, used 12409K [0x00000000c0000000, 0x00000000eab00000, 0x00000000eab00000)
  object space 699392K, 1% used [0x00000000c0000000,0x00000000c0c1e730,0x00000000eab00000)
 Metaspace       used 20387K, capacity 21196K, committed 21296K, reserved 1067008K
  class space    used 2925K, capacity 3073K, committed 3120K, reserved 1048576K
}
Event: 21.777 GC heap before
{Heap before GC invocations=3 (full 1):
 PSYoungGen      total 305664K, used 94456K [0x00000000eab00000, 0x0000000100000000, 0x0000000100000000)
  eden space 262144K, 36% used [0x00000000eab00000,0x00000000f073e3c8,0x00000000fab00000)
  from space 43520K, 0% used [0x00000000fab00000,0x00000000fab00000,0x00000000fd580000)
  to   space 43520K, 0% used [0x00000000fd580000,0x00000000fd580000,0x0000000100000000)
 ParOldGen       total 699392K, used 12409K [0x00000000c0000000, 0x00000000eab00000, 0x00000000eab00000)
  object space 699392K, 1% used [0x00000000c0000000,0x00000000c0c1e730,0x00000000eab00000)
 Metaspace       used 34063K, capacity 35385K, committed 35496K, reserved 1079296K
  class space    used 4569K, capacity 4752K, committed 4784K, reserved 1048576K
Event: 21.860 GC heap after
Heap after GC invocations=3 (full 1):
 PSYoungGen      total 305664K, used 25393K [0x00000000eab00000, 0x0000000100000000, 0x0000000100000000)
  eden space 262144K, 0% used [0x00000000eab00000,0x00000000eab00000,0x00000000fab00000)
  from space 43520K, 58% used [0x00000000fd580000,0x00000000fee4c6a0,0x0000000100000000)
  to   space 43520K, 0% used [0x00000000fab00000,0x00000000fab00000,0x00000000fd580000)
 ParOldGen       total 699392K, used 12417K [0x00000000c0000000, 0x00000000eab00000, 0x00000000eab00000)
  object space 699392K, 1% used [0x00000000c0000000,0x00000000c0c20730,0x00000000eab00000)
 Metaspace       used 34063K, capacity 35385K, committed 35496K, reserved 1079296K
  class space    used 4569K, capacity 4752K, committed 4784K, reserved 1048576K
}
Event: 21.860 GC heap before
{Heap before GC invocations=4 (full 2):
 PSYoungGen      total 305664K, used 25393K [0x00000000eab00000, 0x0000000100000000, 0x0000000100000000)
  eden space 262144K, 0% used [0x00000000eab00000,0x00000000eab00000,0x00000000fab00000)
  from space 43520K, 58% used [0x00000000fd580000,0x00000000fee4c6a0,0x0000000100000000)
  to   space 43520K, 0% used [0x00000000fab00000,0x00000000fab00000,0x00000000fd580000)
 ParOldGen       total 699392K, used 12417K [0x00000000c0000000, 0x00000000eab00000, 0x00000000eab00000)
  object space 699392K, 1% used [0x00000000c0000000,0x00000000c0c20730,0x00000000eab00000)
 Metaspace       used 34063K, capacity 35385K, committed 35496K, reserved 1079296K
  class space    used 4569K, capacity 4752K, committed 4784K, reserved 1048576K
Event: 22.050 GC heap after
Heap after GC invocations=4 (full 2):
 PSYoungGen      total 305664K, used 0K [0x00000000eab00000, 0x0000000100000000, 0x0000000100000000)
  eden space 262144K, 0% used [0x00000000eab00000,0x00000000eab00000,0x00000000fab00000)
  from space 43520K, 0% used [0x00000000fd580000,0x00000000fd580000,0x0000000100000000)
  to   space 43520K, 0% used [0x00000000fab00000,0x00000000fab00000,0x00000000fd580000)
 ParOldGen       total 699392K, used 27803K [0x00000000c0000000, 0x00000000eab00000, 0x00000000eab00000)
  object space 699392K, 3% used [0x00000000c0000000,0x00000000c1b26fb8,0x00000000eab00000)
 Metaspace       used 34063K, capacity 35385K, committed 35496K, reserved 1079296K
  class space    used 4569K, capacity 4752K, committed 4784K, reserved 1048576K
}

